生成启动时间为 2015/11/14 12:27:47。
     1>项目“G:\聊天室\talkServer\registerServer\TcpServer\TcpServer.vcxproj”在节点 2 上(Rebuild 个目标)。
     1>ClCompile:
         D:\Program Files\Microsoft Visual Studio 12.0\VC\bin\CL.exe /c /ZI /nologo /W3 /WX- /Od /Oy- /D WIN32 /D _DEBUG /D _CONSOLE /D _MBCS /Gm /EHsc /RTC1 /MDd /GS /fp:precise /Zc:wchar_t /Zc:forScope /Fo"Debug\\" /Fd"Debug\vc120.pdb" /Gd /TP /analyze- /errorReport:prompt Server.cpp
         Server.cpp
     1>g:\聊天室\talkserver\registerserver\tcpserver\server.cpp(54): warning C4996: 'sscanf': This function or variable may be unsafe. Consider using sscanf_s instead. To disable deprecation, use _CRT_SECURE_NO_WARNINGS. See online help for details.
                 d:\program files\microsoft visual studio 12.0\vc\include\stdio.h(304) : 参见“sscanf”的声明
     1>g:\聊天室\talkserver\registerserver\tcpserver\server.cpp(69): warning C4018: “<”: 有符号/无符号不匹配
     1>g:\聊天室\talkserver\registerserver\tcpserver\server.cpp(120): warning C4996: 'fopen': This function or variable may be unsafe. Consider using fopen_s instead. To disable deprecation, use _CRT_SECURE_NO_WARNINGS. See online help for details.
                 d:\program files\microsoft visual studio 12.0\vc\include\stdio.h(211) : 参见“fopen”的声明
     1>g:\聊天室\talkserver\registerserver\tcpserver\server.cpp(127): warning C4996: 'sscanf': This function or variable may be unsafe. Consider using sscanf_s instead. To disable deprecation, use _CRT_SECURE_NO_WARNINGS. See online help for details.
                 d:\program files\microsoft visual studio 12.0\vc\include\stdio.h(304) : 参见“sscanf”的声明
     1>g:\聊天室\talkserver\registerserver\tcpserver\server.cpp(133): warning C4996: 'fopen': This function or variable may be unsafe. Consider using fopen_s instead. To disable deprecation, use _CRT_SECURE_NO_WARNINGS. See online help for details.
                 d:\program files\microsoft visual studio 12.0\vc\include\stdio.h(211) : 参见“fopen”的声明
       Link:
         D:\Program Files\Microsoft Visual Studio 12.0\VC\bin\link.exe /ERRORREPORT:PROMPT /OUT:"G:\聊天室\talkServer\registerServer\Debug\TcpServer.exe" /INCREMENTAL /NOLOGO kernel32.lib user32.lib gdi32.lib winspool.lib comdlg32.lib advapi32.lib shell32.lib ole32.lib oleaut32.lib uuid.lib odbc32.lib odbccp32.lib /MANIFEST /MANIFESTUAC:"level='asInvoker' uiAccess='false'" /manifest:embed /DEBUG /PDB:"G:\聊天室\talkServer\registerServer\Debug\TcpServer.pdb" /SUBSYSTEM:CONSOLE /TLBID:1 /DYNAMICBASE /NXCOMPAT /IMPLIB:"G:\聊天室\talkServer\registerServer\Debug\TcpServer.lib" /MACHINE:X86 /SAFESEH Debug\Server.obj
     1>Server.obj : warning LNK4075: 忽略“/EDITANDCONTINUE”(由于“/SAFESEH”规范)
         TcpServer.vcxproj -> G:\聊天室\talkServer\registerServer\Debug\TcpServer.exe
     1>已完成生成项目“G:\聊天室\talkServer\registerServer\TcpServer\TcpServer.vcxproj”(Rebuild 个目标)的操作。

生成成功。

已用时间 00:00:06.19
