生成启动时间为 2015/11/15 15:00:42。
     1>项目“C:\Users\maderluo\Desktop\编程\聊天室2.0\talkServer\mfcServer\mfcServer\mfcServer\mfcServer.vcxproj”在节点 2 上(Rebuild 个目标)。
     1>ClCompile:
         D:\Program Files\Microsoft Visual Studio 12.0\VC\bin\CL.exe /c /ZI /nologo /W3 /WX- /Od /Oy- /D WIN32 /D _WINDOWS /D _DEBUG /D _MBCS /D _AFXDLL /Gm /EHsc /RTC1 /MDd /GS /fp:precise /Zc:wchar_t /Zc:forScope /Yc"stdafx.h" /Fp"Debug\mfcServer.pch" /Fo"Debug\\" /Fd"Debug\vc120.pdb" /Gd /TP /analyze- /errorReport:prompt stdafx.cpp
         stdafx.cpp
     1>d:\program files\microsoft visual studio 12.0\vc\atlmfc\include\afx.h(38): warning C4996: 'MBCS_Support_Deprecated_In_MFC': MBCS support in MFC is deprecated and may be removed in a future version of MFC.
                 d:\program files\microsoft visual studio 12.0\vc\atlmfc\include\afx.h(33) : 参见“MBCS_Support_Deprecated_In_MFC”的声明
         D:\Program Files\Microsoft Visual Studio 12.0\VC\bin\CL.exe /c /ZI /nologo /W3 /WX- /Od /Oy- /D WIN32 /D _WINDOWS /D _DEBUG /D _MBCS /D _AFXDLL /Gm /EHsc /RTC1 /MDd /GS /fp:precise /Zc:wchar_t /Zc:forScope /Yu"stdafx.h" /Fp"Debug\mfcServer.pch" /Fo"Debug\\" /Fd"Debug\vc120.pdb" /Gd /TP /analyze- /errorReport:prompt mfcServer.cpp mfcServerDlg.cpp
         mfcServerDlg.cpp
     1>c:\users\maderluo\desktop\编程\聊天室2.0\talkserver\mfcserver\mfcserver\mfcserver\protocol.h(32): warning C4091: “typedef ”: 没有声明变量时忽略“LogoutPkt”的左侧
     1>c:\users\maderluo\desktop\编程\聊天室2.0\talkserver\mfcserver\mfcserver\mfcserver\mfcserverdlg.cpp(61): warning C4996: 'strcpy': This function or variable may be unsafe. Consider using strcpy_s instead. To disable deprecation, use _CRT_SECURE_NO_WARNINGS. See online help for details.
                 d:\program files\microsoft visual studio 12.0\vc\include\string.h(112) : 参见“strcpy”的声明
     1>c:\users\maderluo\desktop\编程\聊天室2.0\talkserver\mfcserver\mfcserver\mfcserver\mfcserverdlg.cpp(62): warning C4996: 'strcat': This function or variable may be unsafe. Consider using strcat_s instead. To disable deprecation, use _CRT_SECURE_NO_WARNINGS. See online help for details.
                 d:\program files\microsoft visual studio 12.0\vc\include\string.h(118) : 参见“strcat”的声明
     1>c:\users\maderluo\desktop\编程\聊天室2.0\talkserver\mfcserver\mfcserver\mfcserver\mfcserverdlg.cpp(63): warning C4996: 'strcat': This function or variable may be unsafe. Consider using strcat_s instead. To disable deprecation, use _CRT_SECURE_NO_WARNINGS. See online help for details.
                 d:\program files\microsoft visual studio 12.0\vc\include\string.h(118) : 参见“strcat”的声明
     1>c:\users\maderluo\desktop\编程\聊天室2.0\talkserver\mfcserver\mfcserver\mfcserver\mfcserverdlg.cpp(64): warning C4996: 'strcat': This function or variable may be unsafe. Consider using strcat_s instead. To disable deprecation, use _CRT_SECURE_NO_WARNINGS. See online help for details.
                 d:\program files\microsoft visual studio 12.0\vc\include\string.h(118) : 参见“strcat”的声明
     1>c:\users\maderluo\desktop\编程\聊天室2.0\talkserver\mfcserver\mfcserver\mfcserver\mfcserverdlg.cpp(78): warning C4996: 'strcpy': This function or variable may be unsafe. Consider using strcpy_s instead. To disable deprecation, use _CRT_SECURE_NO_WARNINGS. See online help for details.
                 d:\program files\microsoft visual studio 12.0\vc\include\string.h(112) : 参见“strcpy”的声明
     1>c:\users\maderluo\desktop\编程\聊天室2.0\talkserver\mfcserver\mfcserver\mfcserver\mfcserverdlg.cpp(79): warning C4996: 'strcat': This function or variable may be unsafe. Consider using strcat_s instead. To disable deprecation, use _CRT_SECURE_NO_WARNINGS. See online help for details.
                 d:\program files\microsoft visual studio 12.0\vc\include\string.h(118) : 参见“strcat”的声明
     1>c:\users\maderluo\desktop\编程\聊天室2.0\talkserver\mfcserver\mfcserver\mfcserver\mfcserverdlg.cpp(80): warning C4996: 'strcat': This function or variable may be unsafe. Consider using strcat_s instead. To disable deprecation, use _CRT_SECURE_NO_WARNINGS. See online help for details.
                 d:\program files\microsoft visual studio 12.0\vc\include\string.h(118) : 参见“strcat”的声明
     1>c:\users\maderluo\desktop\编程\聊天室2.0\talkserver\mfcserver\mfcserver\mfcserver\mfcserverdlg.cpp(81): warning C4996: 'strcat': This function or variable may be unsafe. Consider using strcat_s instead. To disable deprecation, use _CRT_SECURE_NO_WARNINGS. See online help for details.
                 d:\program files\microsoft visual studio 12.0\vc\include\string.h(118) : 参见“strcat”的声明
     1>c:\users\maderluo\desktop\编程\聊天室2.0\talkserver\mfcserver\mfcserver\mfcserver\mfcserverdlg.cpp(95): warning C4996: 'itoa': The POSIX name for this item is deprecated. Instead, use the ISO C++ conformant name: _itoa. See online help for details.
                 d:\program files\microsoft visual studio 12.0\vc\include\stdlib.h(937) : 参见“itoa”的声明
     1>c:\users\maderluo\desktop\编程\聊天室2.0\talkserver\mfcserver\mfcserver\mfcserver\mfcserverdlg.cpp(355): warning C4996: 'fopen': This function or variable may be unsafe. Consider using fopen_s instead. To disable deprecation, use _CRT_SECURE_NO_WARNINGS. See online help for details.
                 d:\program files\microsoft visual studio 12.0\vc\include\stdio.h(211) : 参见“fopen”的声明
     1>c:\users\maderluo\desktop\编程\聊天室2.0\talkserver\mfcserver\mfcserver\mfcserver\mfcserverdlg.cpp(361): warning C4996: 'sscanf': This function or variable may be unsafe. Consider using sscanf_s instead. To disable deprecation, use _CRT_SECURE_NO_WARNINGS. See online help for details.
                 d:\program files\microsoft visual studio 12.0\vc\include\stdio.h(304) : 参见“sscanf”的声明
     1>c:\users\maderluo\desktop\编程\聊天室2.0\talkserver\mfcserver\mfcserver\mfcserver\mfcserverdlg.cpp(387): warning C4996: 'strcpy': This function or variable may be unsafe. Consider using strcpy_s instead. To disable deprecation, use _CRT_SECURE_NO_WARNINGS. See online help for details.
                 d:\program files\microsoft visual studio 12.0\vc\include\string.h(112) : 参见“strcpy”的声明
     1>c:\users\maderluo\desktop\编程\聊天室2.0\talkserver\mfcserver\mfcserver\mfcserver\mfcserverdlg.cpp(395): warning C4996: 'strcpy': This function or variable may be unsafe. Consider using strcpy_s instead. To disable deprecation, use _CRT_SECURE_NO_WARNINGS. See online help for details.
                 d:\program files\microsoft visual studio 12.0\vc\include\string.h(112) : 参见“strcpy”的声明
     1>c:\users\maderluo\desktop\编程\聊天室2.0\talkserver\mfcserver\mfcserver\mfcserver\mfcserverdlg.cpp(396): warning C4996: 'strcpy': This function or variable may be unsafe. Consider using strcpy_s instead. To disable deprecation, use _CRT_SECURE_NO_WARNINGS. See online help for details.
                 d:\program files\microsoft visual studio 12.0\vc\include\string.h(112) : 参见“strcpy”的声明
     1>c:\users\maderluo\desktop\编程\聊天室2.0\talkserver\mfcserver\mfcserver\mfcserver\mfcserverdlg.cpp(397): warning C4996: 'strcat': This function or variable may be unsafe. Consider using strcat_s instead. To disable deprecation, use _CRT_SECURE_NO_WARNINGS. See online help for details.
                 d:\program files\microsoft visual studio 12.0\vc\include\string.h(118) : 参见“strcat”的声明
     1>c:\users\maderluo\desktop\编程\聊天室2.0\talkserver\mfcserver\mfcserver\mfcserver\mfcserverdlg.cpp(428): warning C4996: 'strcpy': This function or variable may be unsafe. Consider using strcpy_s instead. To disable deprecation, use _CRT_SECURE_NO_WARNINGS. See online help for details.
                 d:\program files\microsoft visual studio 12.0\vc\include\string.h(112) : 参见“strcpy”的声明
     1>c:\users\maderluo\desktop\编程\聊天室2.0\talkserver\mfcserver\mfcserver\mfcserver\mfcserverdlg.cpp(429): warning C4996: 'strcpy': This function or variable may be unsafe. Consider using strcpy_s instead. To disable deprecation, use _CRT_SECURE_NO_WARNINGS. See online help for details.
                 d:\program files\microsoft visual studio 12.0\vc\include\string.h(112) : 参见“strcpy”的声明
     1>c:\users\maderluo\desktop\编程\聊天室2.0\talkserver\mfcserver\mfcserver\mfcserver\mfcserverdlg.cpp(430): warning C4996: 'strcat': This function or variable may be unsafe. Consider using strcat_s instead. To disable deprecation, use _CRT_SECURE_NO_WARNINGS. See online help for details.
                 d:\program files\microsoft visual studio 12.0\vc\include\string.h(118) : 参见“strcat”的声明
     1>c:\users\maderluo\desktop\编程\聊天室2.0\talkserver\mfcserver\mfcserver\mfcserver\mfcserverdlg.cpp(438): warning C4996: 'strcpy': This function or variable may be unsafe. Consider using strcpy_s instead. To disable deprecation, use _CRT_SECURE_NO_WARNINGS. See online help for details.
                 d:\program files\microsoft visual studio 12.0\vc\include\string.h(112) : 参见“strcpy”的声明
     1>c:\users\maderluo\desktop\编程\聊天室2.0\talkserver\mfcserver\mfcserver\mfcserver\mfcserverdlg.cpp(454): warning C4996: 'strcpy': This function or variable may be unsafe. Consider using strcpy_s instead. To disable deprecation, use _CRT_SECURE_NO_WARNINGS. See online help for details.
                 d:\program files\microsoft visual studio 12.0\vc\include\string.h(112) : 参见“strcpy”的声明
     1>c:\users\maderluo\desktop\编程\聊天室2.0\talkserver\mfcserver\mfcserver\mfcserver\mfcserverdlg.cpp(455): warning C4996: 'strcpy': This function or variable may be unsafe. Consider using strcpy_s instead. To disable deprecation, use _CRT_SECURE_NO_WARNINGS. See online help for details.
                 d:\program files\microsoft visual studio 12.0\vc\include\string.h(112) : 参见“strcpy”的声明
     1>c:\users\maderluo\desktop\编程\聊天室2.0\talkserver\mfcserver\mfcserver\mfcserver\mfcserverdlg.cpp(474): warning C4996: 'strcpy': This function or variable may be unsafe. Consider using strcpy_s instead. To disable deprecation, use _CRT_SECURE_NO_WARNINGS. See online help for details.
                 d:\program files\microsoft visual studio 12.0\vc\include\string.h(112) : 参见“strcpy”的声明
         mfcServer.cpp
     1>c:\users\maderluo\desktop\编程\聊天室2.0\talkserver\mfcserver\mfcserver\mfcserver\protocol.h(32): warning C4091: “typedef ”: 没有声明变量时忽略“LogoutPkt”的左侧
         正在生成代码...
       ResourceCompile:
         C:\Program Files (x86)\Windows Kits\8.1\bin\x86\rc.exe /D _DEBUG /D _AFXDLL /l"0x0804" /IDebug\ /nologo /fo"Debug\mfcServer.res" mfcServer.rc 
       Link:
         D:\Program Files\Microsoft Visual Studio 12.0\VC\bin\link.exe /ERRORREPORT:PROMPT /OUT:"C:\Users\maderluo\Desktop\编程\聊天室2.0\talkServer\mfcServer\mfcServer\Debug\mfcServer.exe" /INCREMENTAL /NOLOGO /MANIFEST /MANIFESTUAC:"level='asInvoker' uiAccess='false'" /manifest:embed /manifestinput:"D:\Program Files\Microsoft Visual Studio 12.0\VC\Include\Manifest\dpiaware.manifest" /DEBUG /PDB:"C:\Users\maderluo\Desktop\编程\聊天室2.0\talkServer\mfcServer\mfcServer\Debug\mfcServer.pdb" /SUBSYSTEM:WINDOWS /TLBID:1 /DYNAMICBASE /NXCOMPAT /IMPLIB:"C:\Users\maderluo\Desktop\编程\聊天室2.0\talkServer\mfcServer\mfcServer\Debug\mfcServer.lib" /MACHINE:X86 Debug\mfcServer.res
         Debug\mfcServer.obj
         Debug\mfcServerDlg.obj
         Debug\stdafx.obj
         mfcServer.vcxproj -> C:\Users\maderluo\Desktop\编程\聊天室2.0\talkServer\mfcServer\mfcServer\Debug\mfcServer.exe
     1>已完成生成项目“C:\Users\maderluo\Desktop\编程\聊天室2.0\talkServer\mfcServer\mfcServer\mfcServer\mfcServer.vcxproj”(Rebuild 个目标)的操作。

生成成功。

已用时间 00:00:16.78
