c:\users\maderluo\desktop\编程\聊天室\talkserver\mfcserver\mfcserver\mfcserver\debug\mfcserver.pch
c:\users\maderluo\desktop\编程\聊天室\talkserver\mfcserver\mfcserver\mfcserver\debug\vc120.pdb
c:\users\maderluo\desktop\编程\聊天室\talkserver\mfcserver\mfcserver\mfcserver\debug\vc120.idb
c:\users\maderluo\desktop\编程\聊天室\talkserver\mfcserver\mfcserver\mfcserver\debug\stdafx.obj
c:\users\maderluo\desktop\编程\聊天室\talkserver\mfcserver\mfcserver\mfcserver\debug\mfcserver.obj
c:\users\maderluo\desktop\编程\聊天室\talkserver\mfcserver\mfcserver\mfcserver\debug\mfcserverdlg.obj
c:\users\maderluo\desktop\编程\聊天室\talkserver\mfcserver\mfcserver\debug\mfcserver.ilk
c:\users\maderluo\desktop\编程\聊天室\talkserver\mfcserver\mfcserver\debug\mfcserver.exe
c:\users\maderluo\desktop\编程\聊天室\talkserver\mfcserver\mfcserver\debug\mfcserver.pdb
c:\users\maderluo\desktop\编程\聊天室\talkserver\mfcserver\mfcserver\mfcserver\debug\mfcserver.res
c:\users\maderluo\desktop\编程\聊天室2.0\talkserver\mfcserver\mfcserver\mfcserver\debug\mfcserver.obj
c:\users\maderluo\desktop\编程\聊天室2.0\talkserver\mfcserver\mfcserver\mfcserver\debug\mfcserverdlg.obj
c:\users\maderluo\desktop\编程\聊天室2.0\talkserver\mfcserver\mfcserver\mfcserver\debug\stdafx.obj
c:\users\maderluo\desktop\编程\聊天室2.0\talkserver\mfcserver\mfcserver\mfcserver\debug\mfcserver.res
c:\users\maderluo\desktop\编程\聊天室2.0\talkserver\mfcserver\mfcserver\mfcserver\debug\mfcserver.pch
c:\users\maderluo\desktop\编程\聊天室2.0\talkserver\mfcserver\mfcserver\mfcserver\debug\vc120.idb
c:\users\maderluo\desktop\编程\聊天室2.0\talkserver\mfcserver\mfcserver\mfcserver\debug\vc120.pdb
c:\users\maderluo\desktop\编程\聊天室2.0\talkserver\mfcserver\mfcserver\debug\mfcserver.pdb
c:\users\maderluo\desktop\编程\聊天室2.0\talkserver\mfcserver\mfcserver\debug\mfcserver.exe
c:\users\maderluo\desktop\编程\聊天室2.0\talkserver\mfcserver\mfcserver\debug\mfcserver.ilk
c:\users\maderluo\desktop\编程\聊天室2.0\talkserver\mfcserver\mfcserver\mfcserver\debug\mfcserver.tlog\cl.command.1.tlog
c:\users\maderluo\desktop\编程\聊天室2.0\talkserver\mfcserver\mfcserver\mfcserver\debug\mfcserver.tlog\cl.read.1.tlog
c:\users\maderluo\desktop\编程\聊天室2.0\talkserver\mfcserver\mfcserver\mfcserver\debug\mfcserver.tlog\cl.write.1.tlog
c:\users\maderluo\desktop\编程\聊天室2.0\talkserver\mfcserver\mfcserver\mfcserver\debug\mfcserver.tlog\link.command.1.tlog
c:\users\maderluo\desktop\编程\聊天室2.0\talkserver\mfcserver\mfcserver\mfcserver\debug\mfcserver.tlog\link.read.1.tlog
c:\users\maderluo\desktop\编程\聊天室2.0\talkserver\mfcserver\mfcserver\mfcserver\debug\mfcserver.tlog\link.write.1.tlog
c:\users\maderluo\desktop\编程\聊天室2.0\talkserver\mfcserver\mfcserver\mfcserver\debug\mfcserver.tlog\rc.command.1.tlog
c:\users\maderluo\desktop\编程\聊天室2.0\talkserver\mfcserver\mfcserver\mfcserver\debug\mfcserver.tlog\rc.read.1.tlog
c:\users\maderluo\desktop\编程\聊天室2.0\talkserver\mfcserver\mfcserver\mfcserver\debug\mfcserver.tlog\rc.write.1.tlog
